{"error":{"code":"ECONNREFUSED"},"level":"error","message":"Database query error","text":"SELECT * FROM users WHERE telegram_id = $1","timestamp":"2025-12-29 20:04:57"}
{"error":{"code":"ECONNREFUSED"},"level":"error","message":"Start command error","timestamp":"2025-12-29 20:04:57"}
{"error":{"on":{"method":"sendMessage","payload":{"chat_id":6545581223,"parse_mode":"Markdown","text":"🐋 *WHALBERG Commands*\n\n💰 *BUYBACK COMMANDS:*\n/balance - Check your SOL balance\n/buyback <amount> - Execute manual buyback\n  Example: `/buyback 1.5`\n/auto_buyback <price> <amount> - Set price trigger\n  Example: `/auto_buyback 0.05 2`\n/cancel_trigger - Cancel active price triggers\n\n🎰 *LOTTERY COMMANDS:*\n/lottery - Current pool & next milestone\n/lottery_history - View past winners\n/next_milestone - Progress to next lottery\n\n📊 *STATS & INFO:*\n/stats - View buyback statistics\n/help - Show this message\n\nNeed help? The protocol awaits. 🐋❄️"}},"response":{"description":"Bad Request: can't parse entities: Can't find end of the entity starting at byte offset 237","error_code":400,"ok":false}},"level":"error","message":"Bot error","timestamp":"2025-12-29 20:05:01","userId":6545581223}
{"error":{"code":"ECONNREFUSED"},"level":"error","message":"Database query error","text":"SELECT * FROM users WHERE telegram_id = $1","timestamp":"2025-12-29 20:05:37"}
{"error":{"code":"ECONNREFUSED"},"level":"error","message":"Start command error","timestamp":"2025-12-29 20:05:37"}
{"error":{"code":"ECONNREFUSED"},"level":"error","message":"Database query error","text":"SELECT * FROM users WHERE telegram_id = $1","timestamp":"2025-12-29 20:07:57"}
{"error":{"code":"ECONNREFUSED"},"level":"error","message":"Start command error","timestamp":"2025-12-29 20:07:57"}
{"error":{"code":"ECONNREFUSED"},"level":"error","message":"Database query error","text":"SELECT * FROM users WHERE telegram_id = $1","timestamp":"2025-12-29 20:08:03"}
{"error":{"code":"ECONNREFUSED"},"level":"error","message":"Start command error","timestamp":"2025-12-29 20:08:03"}
{"error":{"code":"ECONNREFUSED"},"level":"error","message":"Database query error","text":"SELECT * FROM users WHERE telegram_id = $1","timestamp":"2025-12-29 20:08:15"}
{"error":{"code":"ECONNREFUSED"},"level":"error","message":"Start command error","timestamp":"2025-12-29 20:08:15"}
{"error":{"code":"ECONNREFUSED"},"level":"error","message":"Database query error","text":"SELECT * FROM users WHERE telegram_id = $1","timestamp":"2025-12-29 20:09:17"}
{"error":{"code":"ECONNREFUSED"},"level":"error","message":"Start command error","timestamp":"2025-12-29 20:09:17"}
{"error":{},"level":"error","message":"Bot error","timestamp":"2025-12-29 20:13:53","userId":6545581223}
{"error":{},"level":"error","message":"Bot error","timestamp":"2025-12-29 20:13:56","userId":6545581223}
{"error":{"on":{"method":"sendMessage","payload":{"chat_id":6545581223,"parse_mode":"Markdown","text":"🐋 *WHALBERG Commands*\n\n💰 *BUYBACK COMMANDS:*\n/balance - Check your SOL balance\n/buyback <amount> - Execute manual buyback\n  Example: `/buyback 1.5`\n/auto_buyback <price> <amount> - Set price trigger\n  Example: `/auto_buyback 0.05 2`\n/cancel_trigger - Cancel active price triggers\n\n🎰 *LOTTERY COMMANDS:*\n/lottery - Current pool & next milestone\n/lottery_history - View past winners\n/next_milestone - Progress to next lottery\n\n📊 *STATS & INFO:*\n/stats - View buyback statistics\n/help - Show this message\n\nNeed help? The protocol awaits. 🐋❄️"}},"response":{"description":"Bad Request: can't parse entities: Can't find end of the entity starting at byte offset 237","error_code":400,"ok":false}},"level":"error","message":"Bot error","timestamp":"2025-12-29 20:13:59","userId":6545581223}
{"error":{},"level":"error","message":"Bot error","timestamp":"2025-12-29 20:16:47","userId":6545581223}
{"error":{},"level":"error","message":"Bot error","timestamp":"2025-12-29 20:16:57","userId":6545581223}
{"error":{},"level":"error","message":"Bot error","timestamp":"2025-12-29 20:17:00","userId":6545581223}
{"error":{},"level":"error","message":"Bot error","timestamp":"2025-12-29 20:17:02","userId":6545581223}
{"error":{},"level":"error","message":"Bot error","timestamp":"2025-12-29 20:19:15","userId":6545581223}
{"error":{},"level":"error","message":"Bot error","timestamp":"2025-12-29 20:20:53","userId":6545581223}
{"error":{"error":{},"userId":6545581223},"level":"error","message":"Bot error","timestamp":"2025-12-29 20:23:30"}
{"error":{"error":{},"userId":6545581223},"level":"error","message":"Bot error","timestamp":"2025-12-29 20:23:30"}
{"error":{"error":{},"userId":6545581223},"level":"error","message":"Bot error","timestamp":"2025-12-29 20:23:30"}
{"error":{"error":{},"userId":6545581223},"level":"error","message":"Bot error","timestamp":"2025-12-29 20:23:30"}
{"error":{"error":{"code":"ECONNREFUSED"},"text":"SELECT * FROM users WHERE telegram_id = $1"},"level":"error","message":"Database query error","timestamp":"2025-12-29 20:23:30"}
{"error":{"error":{"code":"ECONNREFUSED"},"message":"","stack":"AggregateError\n    at C:\\Users\\ben\\CascadeProjects\\2048\\whalberg-bot\\node_modules\\pg-pool\\index.js:45:11\n    at processTicksAndRejections (node:internal/process/task_queues:105:5)\n    at async DatabaseService.query (C:\\Users\\ben\\CascadeProjects\\2048\\whalberg-bot\\src\\services\\database\\dbService.ts:24:22)\n    at async DatabaseService.getUser (C:\\Users\\ben\\CascadeProjects\\2048\\whalberg-bot\\src\\services\\database\\dbService.ts:35:20)\n    at async startCommand (C:\\Users\\ben\\CascadeProjects\\2048\\whalberg-bot\\src\\bot\\commands\\start.ts:28:14)\n    at async execute (C:\\Users\\ben\\CascadeProjects\\2048\\whalberg-bot\\node_modules\\telegraf\\lib\\composer.js:518:17)\n    at async C:\\Users\\ben\\CascadeProjects\\2048\\whalberg-bot\\node_modules\\telegraf\\lib\\composer.js:519:21\n    at async execute (C:\\Users\\ben\\CascadeProjects\\2048\\whalberg-bot\\node_modules\\telegraf\\lib\\composer.js:518:17)\n    at async C:\\Users\\ben\\CascadeProjects\\2048\\whalberg-bot\\node_modules\\telegraf\\lib\\composer.js:519:21\n    at async C:\\Users\\ben\\CascadeProjects\\2048\\whalberg-bot\\src\\bot\\index.ts:46:7","telegramId":6545581223},"level":"error","message":"Database connection error on getUser","timestamp":"2025-12-29 20:23:30"}
{"error":{"error":{},"errorMessage":"Database connection failed","errorName":"Error","errorStack":"Error: Database connection failed\n    at startCommand (C:\\Users\\ben\\CascadeProjects\\2048\\whalberg-bot\\src\\bot\\commands\\start.ts:39:13)\n    at processTicksAndRejections (node:internal/process/task_queues:105:5)\n    at async execute (C:\\Users\\ben\\CascadeProjects\\2048\\whalberg-bot\\node_modules\\telegraf\\lib\\composer.js:518:17)\n    at async C:\\Users\\ben\\CascadeProjects\\2048\\whalberg-bot\\node_modules\\telegraf\\lib\\composer.js:519:21\n    at async execute (C:\\Users\\ben\\CascadeProjects\\2048\\whalberg-bot\\node_modules\\telegraf\\lib\\composer.js:518:17)\n    at async C:\\Users\\ben\\CascadeProjects\\2048\\whalberg-bot\\node_modules\\telegraf\\lib\\composer.js:519:21\n    at async C:\\Users\\ben\\CascadeProjects\\2048\\whalberg-bot\\src\\bot\\index.ts:46:7\n    at async execute (C:\\Users\\ben\\CascadeProjects\\2048\\whalberg-bot\\node_modules\\telegraf\\lib\\composer.js:518:17)\n    at async C:\\Users\\ben\\CascadeProjects\\2048\\whalberg-bot\\node_modules\\telegraf\\lib\\composer.js:519:21\n    at async execute (C:\\Users\\ben\\CascadeProjects\\2048\\whalberg-bot\\node_modules\\telegraf\\lib\\composer.js:518:17)","timestamp":"2025-12-30T01:23:30.519Z","userId":6545581223,"username":"Brolaxg"},"level":"error","message":"Start command error - full details","timestamp":"2025-12-29 20:23:30"}
{"error":{"error":{},"userId":6545581223},"level":"error","message":"Bot error","timestamp":"2025-12-29 20:25:46"}
{"error":{"error":{},"userId":6545581223},"level":"error","message":"Bot error","timestamp":"2025-12-29 20:25:49"}
{"error":{"error":{},"userId":6545581223},"level":"error","message":"Bot error","timestamp":"2025-12-29 20:25:50"}
{"error":{"error":{"on":{"method":"sendMessage","payload":{"chat_id":6545581223,"parse_mode":"MarkdownV2","text":"🐋 *WHALBERG Commands*\n\n💰 *BUYBACK COMMANDS:*\n/balance \\- Check your SOL balance\n/buyback <amount> \\- Execute manual buyback\n  Example: `/buyback 1\\.5`\n/auto\\_buyback <price> <amount> \\- Set price trigger\n  Example: `/auto\\_buyback 0\\.05 2`\n/cancel\\_trigger \\- Cancel active price triggers\n\n🎰 *LOTTERY COMMANDS:*\n/lottery \\- Current pool & next milestone\n/lottery\\_history \\- View past winners\n/next\\_milestone \\- Progress to next lottery\n\n📊 *STATS & INFO:*\n/stats \\- View buyback statistics\n/help \\- Show this message\n\nNeed help? The protocol awaits\\. 🐋❄️"}},"response":{"description":"Bad Request: can't parse entities: Character '>' is reserved and must be escaped with the preceding '\\'","error_code":400,"ok":false}},"userId":6545581223},"level":"error","message":"Bot error","timestamp":"2025-12-29 20:25:52"}
{"error":{"error":{},"userId":6545581223},"level":"error","message":"Bot error","timestamp":"2025-12-29 20:28:11"}
{"error":{"error":{},"userId":6545581223},"level":"error","message":"Bot error","timestamp":"2025-12-29 20:28:13"}
{"error":{"error":{},"userId":6545581223},"level":"error","message":"Bot error","timestamp":"2025-12-29 20:28:15"}
{"error":{"diagnosticCodes":[6133,6133]},"level":"error","message":"Failed to start bot","timestamp":"2025-12-29 20:30:18"}
{"error":{"diagnosticCodes":[6133]},"level":"error","message":"Failed to start bot","timestamp":"2025-12-29 20:30:35"}
